This file contains any messages produced by compilers while
running configure, to aid debugging if configure makes a mistake.

It was created by netCDF-cxx configure 4.2, which was
generated by GNU Autoconf 2.66.  Invocation command line was

  $ ./configure --prefix=/home/jo/netcdf-cxx

## --------- ##
## Platform. ##
## --------- ##

hostname = GXGFPORT2104
uname -m = x86_64
uname -r = 5.13.0-41-generic
uname -s = Linux
uname -v = #46~20.04.1-Ubuntu SMP Wed Apr 20 13:16:21 UTC 2022

/usr/bin/uname -p = x86_64
/bin/uname -X     = unknown

/bin/arch              = x86_64
/usr/bin/arch -k       = unknown
/usr/convex/getsysinfo = unknown
/usr/bin/hostinfo      = unknown
/bin/machine           = unknown
/usr/bin/oslevel       = unknown
/bin/universe          = unknown

PATH: /usr/local/sbin
PATH: /usr/local/bin
PATH: /usr/sbin
PATH: /usr/bin
PATH: /sbin
PATH: /bin
PATH: /usr/games
PATH: /usr/local/games
PATH: /snap/bin


## ----------- ##
## Core tests. ##
## ----------- ##

configure:2331: netCDF-cxx 4.2
configure:2371: checking build system type
configure:2385: result: x86_64-unknown-linux-gnu
configure:2405: checking host system type
configure:2418: result: x86_64-unknown-linux-gnu
configure:2440: checking target system type
configure:2453: result: x86_64-unknown-linux-gnu
configure:2501: checking for a BSD-compatible install
configure:2569: result: /usr/bin/install -c
configure:2580: checking whether build environment is sane
configure:2630: result: yes
configure:2771: checking for a thread-safe mkdir -p
configure:2810: result: /usr/bin/mkdir -p
configure:2823: checking for gawk
configure:2839: found /usr/bin/gawk
configure:2850: result: gawk
configure:2861: checking whether make sets $(MAKE)
configure:2883: result: yes
configure:2967: checking user options
configure:2971: checking whether extra valgrind tests should be run
configure:2979: result: no
configure:2983: checking whether netCDF extra tests should be run (developers only)
configure:2991: result: no
configure:3008: checking whether large file (> 2GB) tests should be run
configure:3016: result: no
configure:3035: checking where to put large temp files if large file tests are run
configure:3044: result: .
configure:3053: finding C++ compiler (will not be used if C++ API is not desired)
configure:3113: checking for g++
configure:3129: found /usr/bin/g++
configure:3140: result: g++
configure:3167: checking for C++ compiler version
configure:3176: g++ --version >&5
g++ (Ubuntu 9.4.0-1ubuntu1~20.04.1) 9.4.0
Copyright (C) 2019 Free Software Foundation, Inc.
This is free software; see the source for copying conditions.  There is NO
warranty; not even for MERCHANTABILITY or FITNESS FOR A PARTICULAR PURPOSE.

configure:3187: $? = 0
configure:3176: g++ -v >&5
Using built-in specs.
COLLECT_GCC=g++
COLLECT_LTO_WRAPPER=/usr/lib/gcc/x86_64-linux-gnu/9/lto-wrapper
OFFLOAD_TARGET_NAMES=nvptx-none:hsa
OFFLOAD_TARGET_DEFAULT=1
Target: x86_64-linux-gnu
Configured with: ../src/configure -v --with-pkgversion='Ubuntu 9.4.0-1ubuntu1~20.04.1' --with-bugurl=file:///usr/share/doc/gcc-9/README.Bugs --enable-languages=c,ada,c++,go,brig,d,fortran,objc,obj-c++,gm2 --prefix=/usr --with-gcc-major-version-only --program-suffix=-9 --program-prefix=x86_64-linux-gnu- --enable-shared --enable-linker-build-id --libexecdir=/usr/lib --without-included-gettext --enable-threads=posix --libdir=/usr/lib --enable-nls --enable-clocale=gnu --enable-libstdcxx-debug --enable-libstdcxx-time=yes --with-default-libstdcxx-abi=new --enable-gnu-unique-object --disable-vtable-verify --enable-plugin --enable-default-pie --with-system-zlib --with-target-system-zlib=auto --enable-objc-gc=auto --enable-multiarch --disable-werror --with-arch-32=i686 --with-abi=m64 --with-multilib-list=m32,m64,mx32 --enable-multilib --with-tune=generic --enable-offload-targets=nvptx-none=/build/gcc-9-Av3uEd/gcc-9-9.4.0/debian/tmp-nvptx/usr,hsa --without-cuda-driver --enable-checking=release --build=x86_64-linux-gnu --host=x86_64-linux-gnu --target=x86_64-linux-gnu
Thread model: posix
gcc version 9.4.0 (Ubuntu 9.4.0-1ubuntu1~20.04.1) 
configure:3187: $? = 0
configure:3176: g++ -V >&5
g++: error: unrecognized command line option '-V'
g++: fatal error: no input files
compilation terminated.
configure:3187: $? = 1
configure:3176: g++ -qversion >&5
g++: error: unrecognized command line option '-qversion'; did you mean '--version'?
g++: fatal error: no input files
compilation terminated.
configure:3187: $? = 1
configure:3207: checking whether the C++ compiler works
configure:3229: g++  -I/include -L/lib conftest.cpp  >&5
configure:3233: $? = 0
configure:3281: result: yes
configure:3284: checking for C++ compiler default output file name
configure:3286: result: a.out
configure:3292: checking for suffix of executables
configure:3299: g++ -o conftest  -I/include -L/lib conftest.cpp  >&5
configure:3303: $? = 0
configure:3325: result: 
configure:3347: checking whether we are cross compiling
configure:3355: g++ -o conftest  -I/include -L/lib conftest.cpp  >&5
configure:3359: $? = 0
configure:3366: ./conftest
configure:3370: $? = 0
configure:3358: result: no
configure:3363: checking for suffix of object files
configure:3385: g++ -c  -I/include conftest.cpp >&5
configure:3389: $? = 0
configure:3410: result: o
configure:3414: checking whether we are using the GNU C++ compiler
configure:3433: g++ -c  -I/include conftest.cpp >&5
configure:3433: $? = 0
configure:3442: result: yes
configure:3451: checking whether g++ accepts -g
configure:3471: g++ -c -g -I/include conftest.cpp >&5
configure:3471: $? = 0
configure:3512: result: yes
configure:3546: checking for style of include used by make
configure:3574: result: GNU
configure:3599: checking dependency style of g++
configure:3709: result: gcc3
configure:3726: setting up libtool
configure:3775: checking how to print strings
configure:3802: result: printf
configure:3871: checking for gcc
configure:3887: found /usr/bin/gcc
configure:3898: result: gcc
configure:4127: checking for C compiler version
configure:4136: gcc --version >&5
gcc (Ubuntu 9.4.0-1ubuntu1~20.04.1) 9.4.0
Copyright (C) 2019 Free Software Foundation, Inc.
This is free software; see the source for copying conditions.  There is NO
warranty; not even for MERCHANTABILITY or FITNESS FOR A PARTICULAR PURPOSE.

configure:4147: $? = 0
configure:4136: gcc -v >&5
Using built-in specs.
COLLECT_GCC=gcc
COLLECT_LTO_WRAPPER=/usr/lib/gcc/x86_64-linux-gnu/9/lto-wrapper
OFFLOAD_TARGET_NAMES=nvptx-none:hsa
OFFLOAD_TARGET_DEFAULT=1
Target: x86_64-linux-gnu
Configured with: ../src/configure -v --with-pkgversion='Ubuntu 9.4.0-1ubuntu1~20.04.1' --with-bugurl=file:///usr/share/doc/gcc-9/README.Bugs --enable-languages=c,ada,c++,go,brig,d,fortran,objc,obj-c++,gm2 --prefix=/usr --with-gcc-major-version-only --program-suffix=-9 --program-prefix=x86_64-linux-gnu- --enable-shared --enable-linker-build-id --libexecdir=/usr/lib --without-included-gettext --enable-threads=posix --libdir=/usr/lib --enable-nls --enable-clocale=gnu --enable-libstdcxx-debug --enable-libstdcxx-time=yes --with-default-libstdcxx-abi=new --enable-gnu-unique-object --disable-vtable-verify --enable-plugin --enable-default-pie --with-system-zlib --with-target-system-zlib=auto --enable-objc-gc=auto --enable-multiarch --disable-werror --with-arch-32=i686 --with-abi=m64 --with-multilib-list=m32,m64,mx32 --enable-multilib --with-tune=generic --enable-offload-targets=nvptx-none=/build/gcc-9-Av3uEd/gcc-9-9.4.0/debian/tmp-nvptx/usr,hsa --without-cuda-driver --enable-checking=release --build=x86_64-linux-gnu --host=x86_64-linux-gnu --target=x86_64-linux-gnu
Thread model: posix
gcc version 9.4.0 (Ubuntu 9.4.0-1ubuntu1~20.04.1) 
configure:4147: $? = 0
configure:4136: gcc -V >&5
gcc: error: unrecognized command line option '-V'
gcc: fatal error: no input files
compilation terminated.
configure:4147: $? = 1
configure:4136: gcc -qversion >&5
gcc: error: unrecognized command line option '-qversion'; did you mean '--version'?
gcc: fatal error: no input files
compilation terminated.
configure:4147: $? = 1
configure:4151: checking whether we are using the GNU C compiler
configure:4170: gcc -c  -I/include conftest.c >&5
configure:4170: $? = 0
configure:4179: result: yes
configure:4188: checking whether gcc accepts -g
configure:4208: gcc -c -g -I/include conftest.c >&5
configure:4208: $? = 0
configure:4249: result: yes
configure:4266: checking for gcc option to accept ISO C89
configure:4330: gcc  -c -g -O2 -I/include conftest.c >&5
configure:4330: $? = 0
configure:4343: result: none needed
configure:4365: checking dependency style of gcc
configure:4475: result: gcc3
configure:4490: checking for a sed that does not truncate output
configure:4554: result: /usr/bin/sed
configure:4572: checking for grep that handles long lines and -e
configure:4630: result: /usr/bin/grep
configure:4635: checking for egrep
configure:4697: result: /usr/bin/grep -E
configure:4702: checking for fgrep
configure:4764: result: /usr/bin/grep -F
configure:4799: checking for ld used by gcc
configure:4866: result: /usr/bin/ld
configure:4873: checking if the linker (/usr/bin/ld) is GNU ld
configure:4888: result: yes
configure:4900: checking for BSD- or MS-compatible name lister (nm)
configure:4949: result: /usr/bin/nm -B
configure:5079: checking the name lister (/usr/bin/nm -B) interface
configure:5086: gcc -c -g -O2 -I/include conftest.c >&5
configure:5089: /usr/bin/nm -B "conftest.o"
configure:5092: output
0000000000000000 B some_variable
configure:5093: result: BSD nm
configure:5096: checking whether ln -s works
configure:5100: result: yes
configure:5108: checking the maximum length of command line arguments
configure:5233: result: 1572864
configure:5250: checking whether the shell understands some XSI constructs
configure:5259: result: yes
configure:5263: checking whether the shell understands "+="
configure:5267: result: yes
configure:5302: checking for /usr/bin/ld option to reload object files
configure:5309: result: -r
configure:5378: checking for objdump
configure:5394: found /usr/bin/objdump
configure:5405: result: objdump
configure:5437: checking how to recognize dependent libraries
configure:5639: result: pass_all
configure:5699: checking for ar
configure:5715: found /usr/bin/ar
configure:5726: result: ar
configure:5804: checking for strip
configure:5820: found /usr/bin/strip
configure:5831: result: strip
configure:5903: checking for ranlib
configure:5919: found /usr/bin/ranlib
configure:5930: result: ranlib
configure:6032: checking command to parse /usr/bin/nm -B output from gcc object
configure:6150: gcc -c -g -O2 -I/include conftest.c >&5
configure:6153: $? = 0
configure:6157: /usr/bin/nm -B conftest.o \| sed -n -e 's/^.*[ ]\([ABCDGIRSTW][ABCDGIRSTW]*\)[ ][ ]*\([_A-Za-z][_A-Za-z0-9]*\)$/\1 \2 \2/p' \> conftest.nm
configure:6160: $? = 0
configure:6214: gcc -o conftest -g -O2 -I/include -L/lib conftest.c conftstm.o >&5
configure:6217: $? = 0
configure:6255: result: ok
configure:6351: gcc -c -g -O2 -I/include conftest.c >&5
configure:6354: $? = 0
configure:7096: checking how to run the C preprocessor
configure:7127: gcc -E -I/include conftest.c
configure:7127: $? = 0
configure:7141: gcc -E -I/include conftest.c
conftest.c:12:10: fatal error: ac_nonexistent.h: No such file or directory
   12 | #include <ac_nonexistent.h>
      |          ^~~~~~~~~~~~~~~~~~
compilation terminated.
configure:7141: $? = 1
configure: failed program was:
| /* confdefs.h */
| #define PACKAGE_NAME "netCDF-cxx"
| #define PACKAGE_TARNAME "netcdf-cxx"
| #define PACKAGE_VERSION "4.2"
| #define PACKAGE_STRING "netCDF-cxx 4.2"
| #define PACKAGE_BUGREPORT "support-netcdf@unidata.ucar.edu"
| #define PACKAGE_URL ""
| #define PACKAGE "netcdf-cxx"
| #define VERSION "4.2"
| #define TEMP_LARGE "."
| /* end confdefs.h.  */
| #include <ac_nonexistent.h>
configure:7166: result: gcc -E
configure:7186: gcc -E -I/include conftest.c
configure:7186: $? = 0
configure:7200: gcc -E -I/include conftest.c
conftest.c:12:10: fatal error: ac_nonexistent.h: No such file or directory
   12 | #include <ac_nonexistent.h>
      |          ^~~~~~~~~~~~~~~~~~
compilation terminated.
configure:7200: $? = 1
configure: failed program was:
| /* confdefs.h */
| #define PACKAGE_NAME "netCDF-cxx"
| #define PACKAGE_TARNAME "netcdf-cxx"
| #define PACKAGE_VERSION "4.2"
| #define PACKAGE_STRING "netCDF-cxx 4.2"
| #define PACKAGE_BUGREPORT "support-netcdf@unidata.ucar.edu"
| #define PACKAGE_URL ""
| #define PACKAGE "netcdf-cxx"
| #define VERSION "4.2"
| #define TEMP_LARGE "."
| /* end confdefs.h.  */
| #include <ac_nonexistent.h>
configure:7229: checking for ANSI C header files
configure:7249: gcc -c -g -O2 -I/include conftest.c >&5
configure:7249: $? = 0
configure:7322: gcc -o conftest -g -O2 -I/include -L/lib conftest.c  >&5
configure:7322: $? = 0
configure:7322: ./conftest
configure:7322: $? = 0
configure:7333: result: yes
configure:7346: checking for sys/types.h
configure:7346: gcc -c -g -O2 -I/include conftest.c >&5
configure:7346: $? = 0
configure:7346: result: yes
configure:7346: checking for sys/stat.h
configure:7346: gcc -c -g -O2 -I/include conftest.c >&5
configure:7346: $? = 0
configure:7346: result: yes
configure:7346: checking for stdlib.h
configure:7346: gcc -c -g -O2 -I/include conftest.c >&5
configure:7346: $? = 0
configure:7346: result: yes
configure:7346: checking for string.h
configure:7346: gcc -c -g -O2 -I/include conftest.c >&5
configure:7346: $? = 0
configure:7346: result: yes
configure:7346: checking for memory.h
configure:7346: gcc -c -g -O2 -I/include conftest.c >&5
configure:7346: $? = 0
configure:7346: result: yes
configure:7346: checking for strings.h
configure:7346: gcc -c -g -O2 -I/include conftest.c >&5
configure:7346: $? = 0
configure:7346: result: yes
configure:7346: checking for inttypes.h
configure:7346: gcc -c -g -O2 -I/include conftest.c >&5
configure:7346: $? = 0
configure:7346: result: yes
configure:7346: checking for stdint.h
configure:7346: gcc -c -g -O2 -I/include conftest.c >&5
configure:7346: $? = 0
configure:7346: result: yes
configure:7346: checking for unistd.h
configure:7346: gcc -c -g -O2 -I/include conftest.c >&5
configure:7346: $? = 0
configure:7346: result: yes
configure:7360: checking for dlfcn.h
configure:7360: gcc -c -g -O2 -I/include conftest.c >&5
configure:7360: $? = 0
configure:7360: result: yes
configure:7548: checking for objdir
configure:7563: result: .libs
configure:7834: checking if gcc supports -fno-rtti -fno-exceptions
configure:7852: gcc -c -g -O2 -I/include -fno-rtti -fno-exceptions conftest.c >&5
cc1: warning: command line option '-fno-rtti' is valid for C++/D/ObjC++ but not for C
configure:7856: $? = 0
configure:7869: result: no
configure:7889: checking for gcc option to produce PIC
configure:8174: result: -fPIC -DPIC
configure:8186: checking if gcc PIC flag -fPIC -DPIC works
configure:8204: gcc -c -g -O2 -I/include -fPIC -DPIC -DPIC conftest.c >&5
configure:8208: $? = 0
configure:8221: result: yes
configure:8245: checking if gcc static flag -static works
configure:8273: result: yes
configure:8288: checking if gcc supports -c -o file.o
configure:8309: gcc -c -g -O2 -I/include -o out/conftest2.o conftest.c >&5
configure:8313: $? = 0
configure:8335: result: yes
configure:8343: checking if gcc supports -c -o file.o
configure:8390: result: yes
configure:8423: checking whether the gcc linker (/usr/bin/ld -m elf_x86_64) supports shared libraries
configure:9498: result: yes
configure:9535: checking whether -lc should be explicitly linked in
configure:9543: gcc -c -g -O2 -I/include conftest.c >&5
configure:9546: $? = 0
configure:9561: gcc -shared conftest.o  -v -Wl,-soname -Wl,conftest -o conftest 2\>\&1 \| /usr/bin/grep  -lc  \>/dev/null 2\>\&1
configure:9564: $? = 0
configure:9578: result: no
configure:9743: checking dynamic linker characteristics
configure:10198: gcc -o conftest -g -O2 -I/include -L/lib -Wl,-rpath -Wl,/foo conftest.c  >&5
configure:10198: $? = 0
configure:10424: result: GNU/Linux ld.so
configure:10531: checking how to hardcode library paths into programs
configure:10556: result: immediate
configure:11096: checking whether stripping libraries is possible
configure:11101: result: yes
configure:11136: checking if libtool supports shared libraries
configure:11138: result: yes
configure:11141: checking whether to build shared libraries
configure:11162: result: yes
configure:11165: checking whether to build static libraries
configure:11169: result: yes
configure:8327: checking how to run the C++ preprocessor
configure:8354: g++ -E -I/include conftest.cpp
configure:8354: $? = 0
configure:8368: g++ -E -I/include conftest.cpp
conftest.cpp:24:10: fatal error: ac_nonexistent.h: No such file or directory
   24 | #include <ac_nonexistent.h>
      |          ^~~~~~~~~~~~~~~~~~
compilation terminated.
configure:8368: $? = 1
configure: failed program was:
| /* confdefs.h */
| #define PACKAGE_NAME "netCDF-cxx"
| #define PACKAGE_TARNAME "netcdf-cxx"
| #define PACKAGE_VERSION "4.2"
| #define PACKAGE_STRING "netCDF-cxx 4.2"
| #define PACKAGE_BUGREPORT "support-netcdf@unidata.ucar.edu"
| #define PACKAGE_URL ""
| #define PACKAGE "netcdf-cxx"
| #define VERSION "4.2"
| #define TEMP_LARGE "."
| #define STDC_HEADERS 1
| #define HAVE_SYS_TYPES_H 1
| #define HAVE_SYS_STAT_H 1
| #define HAVE_STDLIB_H 1
| #define HAVE_STRING_H 1
| #define HAVE_MEMORY_H 1
| #define HAVE_STRINGS_H 1
| #define HAVE_INTTYPES_H 1
| #define HAVE_STDINT_H 1
| #define HAVE_UNISTD_H 1
| #define HAVE_DLFCN_H 1
| #define LT_OBJDIR ".libs/"
| /* end confdefs.h.  */
| #include <ac_nonexistent.h>
configure:8393: result: g++ -E
configure:8413: g++ -E -I/include conftest.cpp
configure:8413: $? = 0
configure:8427: g++ -E -I/include conftest.cpp
conftest.cpp:24:10: fatal error: ac_nonexistent.h: No such file or directory
   24 | #include <ac_nonexistent.h>
      |          ^~~~~~~~~~~~~~~~~~
compilation terminated.
configure:8427: $? = 1
configure: failed program was:
| /* confdefs.h */
| #define PACKAGE_NAME "netCDF-cxx"
| #define PACKAGE_TARNAME "netcdf-cxx"
| #define PACKAGE_VERSION "4.2"
| #define PACKAGE_STRING "netCDF-cxx 4.2"
| #define PACKAGE_BUGREPORT "support-netcdf@unidata.ucar.edu"
| #define PACKAGE_URL ""
| #define PACKAGE "netcdf-cxx"
| #define VERSION "4.2"
| #define TEMP_LARGE "."
| #define STDC_HEADERS 1
| #define HAVE_SYS_TYPES_H 1
| #define HAVE_SYS_STAT_H 1
| #define HAVE_STDLIB_H 1
| #define HAVE_STRING_H 1
| #define HAVE_MEMORY_H 1
| #define HAVE_STRINGS_H 1
| #define HAVE_INTTYPES_H 1
| #define HAVE_STDINT_H 1
| #define HAVE_UNISTD_H 1
| #define HAVE_DLFCN_H 1
| #define LT_OBJDIR ".libs/"
| /* end confdefs.h.  */
| #include <ac_nonexistent.h>
configure:8595: checking for ld used by g++
configure:8662: result: /usr/bin/ld -m elf_x86_64
configure:8669: checking if the linker (/usr/bin/ld -m elf_x86_64) is GNU ld
configure:8684: result: yes
configure:8739: checking whether the g++ linker (/usr/bin/ld -m elf_x86_64) supports shared libraries
configure:9671: result: yes
configure:9699: g++ -c -g -O2 -I/include conftest.cpp >&5
configure:9702: $? = 0
configure:9884: checking for g++ option to produce PIC
configure:10206: result: -fPIC -DPIC
configure:10215: checking if g++ PIC flag -fPIC -DPIC works
configure:10233: g++ -c -g -O2 -I/include -fPIC -DPIC -DPIC conftest.cpp >&5
configure:10237: $? = 0
configure:10250: result: yes
configure:10271: checking if g++ static flag -static works
configure:10299: result: yes
configure:10311: checking if g++ supports -c -o file.o
configure:10332: g++ -c -g -O2 -I/include -o out/conftest2.o conftest.cpp >&5
configure:10336: $? = 0
configure:10358: result: yes
configure:10363: checking if g++ supports -c -o file.o
configure:10410: result: yes
configure:10440: checking whether the g++ linker (/usr/bin/ld -m elf_x86_64) supports shared libraries
configure:10468: result: yes
configure:10611: checking dynamic linker characteristics
configure:11226: result: GNU/Linux ld.so
configure:11279: checking how to hardcode library paths into programs
configure:11304: result: immediate
configure:10370: finding other utilities
configure:10384: checking for special C compiler options needed for large files
configure:10429: result: no
configure:10435: checking for _FILE_OFFSET_BITS value needed for large files
configure:10460: gcc -c -g -O2 -I/include conftest.c >&5
configure:10460: $? = 0
configure:10492: result: no
configure:10579: checking netcdf.h usability
configure:10579: gcc -c -g -O2 -I/include conftest.c >&5
configure:10579: $? = 0
configure:10579: result: yes
configure:10579: checking netcdf.h presence
configure:10579: gcc -E -I/include conftest.c
configure:10579: $? = 0
configure:10579: result: yes
configure:10579: checking for netcdf.h
configure:10579: result: yes
configure:10591: checking for library containing nc_open
configure:10622: gcc -o conftest -g -O2 -I/include -L/lib conftest.c  >&5
/usr/bin/ld: /tmp/ccha4pll.o: in function `main':
/home/jo/app/netcdf-cxx-4.2/conftest.c:36: undefined reference to `nc_open'
collect2: error: ld returned 1 exit status
configure:10622: $? = 1
configure: failed program was:
| /* confdefs.h */
| #define PACKAGE_NAME "netCDF-cxx"
| #define PACKAGE_TARNAME "netcdf-cxx"
| #define PACKAGE_VERSION "4.2"
| #define PACKAGE_STRING "netCDF-cxx 4.2"
| #define PACKAGE_BUGREPORT "support-netcdf@unidata.ucar.edu"
| #define PACKAGE_URL ""
| #define PACKAGE "netcdf-cxx"
| #define VERSION "4.2"
| #define TEMP_LARGE "."
| #define STDC_HEADERS 1
| #define HAVE_SYS_TYPES_H 1
| #define HAVE_SYS_STAT_H 1
| #define HAVE_STDLIB_H 1
| #define HAVE_STRING_H 1
| #define HAVE_MEMORY_H 1
| #define HAVE_STRINGS_H 1
| #define HAVE_INTTYPES_H 1
| #define HAVE_STDINT_H 1
| #define HAVE_UNISTD_H 1
| #define HAVE_DLFCN_H 1
| #define LT_OBJDIR ".libs/"
| #define HAVE_NETCDF_H 1
| /* end confdefs.h.  */
| 
| /* Override any GCC internal prototype to avoid an error.
|    Use char because int might match the return type of a GCC
|    builtin and then its argument prototype would still apply.  */
| #ifdef __cplusplus
| extern "C"
| #endif
| char nc_open ();
| int
| main ()
| {
| return nc_open ();
|   ;
|   return 0;
| }
configure:10622: gcc -o conftest -g -O2 -I/include -L/lib conftest.c -lnetcdf   >&5
configure:10622: $? = 0
configure:10639: result: -lnetcdf
configure:10652: checking for nc_def_opaque
configure:10652: gcc -o conftest -g -O2 -I/include -L/lib conftest.c -lnetcdf  >&5
configure:10652: $? = 0
configure:10652: result: yes
configure:10652: checking for nccreate
configure:10652: gcc -o conftest -g -O2 -I/include -L/lib conftest.c -lnetcdf  >&5
configure:10652: $? = 0
configure:10652: result: yes
configure:10652: checking for nc_set_log_level
configure:10652: gcc -o conftest -g -O2 -I/include -L/lib conftest.c -lnetcdf  >&5
configure:10652: $? = 0
configure:10652: result: yes
configure:10652: checking for nc_use_parallel_enabled
configure:10652: gcc -o conftest -g -O2 -I/include -L/lib conftest.c -lnetcdf  >&5
/usr/bin/ld: /tmp/ccONeBeP.o: in function `main':
/home/jo/app/netcdf-cxx-4.2/conftest.c:62: undefined reference to `nc_use_parallel_enabled'
collect2: error: ld returned 1 exit status
configure:10652: $? = 1
configure: failed program was:
| /* confdefs.h */
| #define PACKAGE_NAME "netCDF-cxx"
| #define PACKAGE_TARNAME "netcdf-cxx"
| #define PACKAGE_VERSION "4.2"
| #define PACKAGE_STRING "netCDF-cxx 4.2"
| #define PACKAGE_BUGREPORT "support-netcdf@unidata.ucar.edu"
| #define PACKAGE_URL ""
| #define PACKAGE "netcdf-cxx"
| #define VERSION "4.2"
| #define TEMP_LARGE "."
| #define STDC_HEADERS 1
| #define HAVE_SYS_TYPES_H 1
| #define HAVE_SYS_STAT_H 1
| #define HAVE_STDLIB_H 1
| #define HAVE_STRING_H 1
| #define HAVE_MEMORY_H 1
| #define HAVE_STRINGS_H 1
| #define HAVE_INTTYPES_H 1
| #define HAVE_STDINT_H 1
| #define HAVE_UNISTD_H 1
| #define HAVE_DLFCN_H 1
| #define LT_OBJDIR ".libs/"
| #define HAVE_NETCDF_H 1
| #define HAVE_NC_DEF_OPAQUE 1
| #define HAVE_NCCREATE 1
| #define HAVE_NC_SET_LOG_LEVEL 1
| /* end confdefs.h.  */
| /* Define nc_use_parallel_enabled to an innocuous variant, in case <limits.h> declares nc_use_parallel_enabled.
|    For example, HP-UX 11i <limits.h> declares gettimeofday.  */
| #define nc_use_parallel_enabled innocuous_nc_use_parallel_enabled
| 
| /* System header to define __stub macros and hopefully few prototypes,
|     which can conflict with char nc_use_parallel_enabled (); below.
|     Prefer <limits.h> to <assert.h> if __STDC__ is defined, since
|     <limits.h> exists even on freestanding compilers.  */
| 
| #ifdef __STDC__
| # include <limits.h>
| #else
| # include <assert.h>
| #endif
| 
| #undef nc_use_parallel_enabled
| 
| /* Override any GCC internal prototype to avoid an error.
|    Use char because int might match the return type of a GCC
|    builtin and then its argument prototype would still apply.  */
| #ifdef __cplusplus
| extern "C"
| #endif
| char nc_use_parallel_enabled ();
| /* The GNU C library defines this for functions which it implements
|     to always fail with ENOSYS.  Some functions are actually named
|     something starting with __ and the normal name is an alias.  */
| #if defined __stub_nc_use_parallel_enabled || defined __stub___nc_use_parallel_enabled
| choke me
| #endif
| 
| int
| main ()
| {
| return nc_use_parallel_enabled ();
|   ;
|   return 0;
| }
configure:10652: result: no
configure:10681: generating header files and makefiles
configure:10817: creating ./config.status

## ---------------------- ##
## Running config.status. ##
## ---------------------- ##

This file was extended by netCDF-cxx config.status 4.2, which was
generated by GNU Autoconf 2.66.  Invocation command line was

  CONFIG_FILES    = 
  CONFIG_HEADERS  = 
  CONFIG_LINKS    = 
  CONFIG_COMMANDS = 
  $ ./config.status 

on GXGFPORT2104

config.status:1145: creating Makefile
config.status:1145: creating man4/Makefile
config.status:1145: creating cxx/Makefile
config.status:1145: creating examples/Makefile
config.status:1145: creating config.h
config.status:1373: executing depfiles commands
config.status:1373: executing libtool commands

## ---------------- ##
## Cache variables. ##
## ---------------- ##

ac_cv_build=x86_64-unknown-linux-gnu
ac_cv_c_compiler_gnu=yes
ac_cv_cxx_compiler_gnu=yes
ac_cv_env_CCC_set=
ac_cv_env_CCC_value=
ac_cv_env_CC_set=
ac_cv_env_CC_value=
ac_cv_env_CFLAGS_set=
ac_cv_env_CFLAGS_value=
ac_cv_env_CPPFLAGS_set=set
ac_cv_env_CPPFLAGS_value=-I/include
ac_cv_env_CPP_set=
ac_cv_env_CPP_value=
ac_cv_env_CXXCPP_set=
ac_cv_env_CXXCPP_value=
ac_cv_env_CXXFLAGS_set=
ac_cv_env_CXXFLAGS_value=
ac_cv_env_CXX_set=
ac_cv_env_CXX_value=
ac_cv_env_LDFLAGS_set=set
ac_cv_env_LDFLAGS_value=-L/lib
ac_cv_env_LIBS_set=
ac_cv_env_LIBS_value=
ac_cv_env_build_alias_set=
ac_cv_env_build_alias_value=
ac_cv_env_host_alias_set=
ac_cv_env_host_alias_value=
ac_cv_env_target_alias_set=
ac_cv_env_target_alias_value=
ac_cv_func_nc_def_opaque=yes
ac_cv_func_nc_set_log_level=yes
ac_cv_func_nc_use_parallel_enabled=no
ac_cv_func_nccreate=yes
ac_cv_header_dlfcn_h=yes
ac_cv_header_inttypes_h=yes
ac_cv_header_memory_h=yes
ac_cv_header_netcdf_h=yes
ac_cv_header_stdc=yes
ac_cv_header_stdint_h=yes
ac_cv_header_stdlib_h=yes
ac_cv_header_string_h=yes
ac_cv_header_strings_h=yes
ac_cv_header_sys_stat_h=yes
ac_cv_header_sys_types_h=yes
ac_cv_header_unistd_h=yes
ac_cv_host=x86_64-unknown-linux-gnu
ac_cv_objext=o
ac_cv_path_EGREP='/usr/bin/grep -E'
ac_cv_path_FGREP='/usr/bin/grep -F'
ac_cv_path_GREP=/usr/bin/grep
ac_cv_path_SED=/usr/bin/sed
ac_cv_path_install='/usr/bin/install -c'
ac_cv_path_mkdir=/usr/bin/mkdir
ac_cv_prog_AWK=gawk
ac_cv_prog_CPP='gcc -E'
ac_cv_prog_CXXCPP='g++ -E'
ac_cv_prog_ac_ct_AR=ar
ac_cv_prog_ac_ct_CC=gcc
ac_cv_prog_ac_ct_CXX=g++
ac_cv_prog_ac_ct_OBJDUMP=objdump
ac_cv_prog_ac_ct_RANLIB=ranlib
ac_cv_prog_ac_ct_STRIP=strip
ac_cv_prog_cc_c89=
ac_cv_prog_cc_g=yes
ac_cv_prog_cxx_g=yes
ac_cv_prog_make_make_set=yes
ac_cv_search_nc_open=-lnetcdf
ac_cv_sys_file_offset_bits=no
ac_cv_sys_largefile_CC=no
ac_cv_target=x86_64-unknown-linux-gnu
am_cv_CC_dependencies_compiler_type=gcc3
am_cv_CXX_dependencies_compiler_type=gcc3
lt_cv_archive_cmds_need_lc=no
lt_cv_deplibs_check_method=pass_all
lt_cv_file_magic_cmd='$MAGIC_CMD'
lt_cv_file_magic_test_file=
lt_cv_ld_reload_flag=-r
lt_cv_nm_interface='BSD nm'
lt_cv_objdir=.libs
lt_cv_path_LD=/usr/bin/ld
lt_cv_path_LDCXX='/usr/bin/ld -m elf_x86_64'
lt_cv_path_NM='/usr/bin/nm -B'
lt_cv_prog_compiler_c_o=yes
lt_cv_prog_compiler_c_o_CXX=yes
lt_cv_prog_compiler_pic_works=yes
lt_cv_prog_compiler_pic_works_CXX=yes
lt_cv_prog_compiler_rtti_exceptions=no
lt_cv_prog_compiler_static_works=yes
lt_cv_prog_compiler_static_works_CXX=yes
lt_cv_prog_gnu_ld=yes
lt_cv_prog_gnu_ldcxx=yes
lt_cv_shlibpath_overrides_runpath=yes
lt_cv_sys_global_symbol_pipe='sed -n -e '\''s/^.*[	 ]\([ABCDGIRSTW][ABCDGIRSTW]*\)[	 ][	 ]*\([_A-Za-z][_A-Za-z0-9]*\)$/\1 \2 \2/p'\'''
lt_cv_sys_global_symbol_to_c_name_address='sed -n -e '\''s/^: \([^ ]*\) $/  {\"\1\", (void *) 0},/p'\'' -e '\''s/^[ABCDGIRSTW]* \([^ ]*\) \([^ ]*\)$/  {"\2", (void *) \&\2},/p'\'''
lt_cv_sys_global_symbol_to_c_name_address_lib_prefix='sed -n -e '\''s/^: \([^ ]*\) $/  {\"\1\", (void *) 0},/p'\'' -e '\''s/^[ABCDGIRSTW]* \([^ ]*\) \(lib[^ ]*\)$/  {"\2", (void *) \&\2},/p'\'' -e '\''s/^[ABCDGIRSTW]* \([^ ]*\) \([^ ]*\)$/  {"lib\2", (void *) \&\2},/p'\'''
lt_cv_sys_global_symbol_to_cdecl='sed -n -e '\''s/^T .* \(.*\)$/extern int \1();/p'\'' -e '\''s/^[ABCDGIRSTW]* .* \(.*\)$/extern char \1;/p'\'''
lt_cv_sys_max_cmd_len=1572864

## ----------------- ##
## Output variables. ##
## ----------------- ##

ACLOCAL='${SHELL} /home/jo/app/netcdf-cxx-4.2/missing --run aclocal-1.11'
AMDEPBACKSLASH='\'
AMDEP_FALSE='#'
AMDEP_TRUE=''
AMTAR='${SHELL} /home/jo/app/netcdf-cxx-4.2/missing --run tar'
AR='ar'
AUTOCONF='${SHELL} /home/jo/app/netcdf-cxx-4.2/missing --run autoconf'
AUTOHEADER='${SHELL} /home/jo/app/netcdf-cxx-4.2/missing --run autoheader'
AUTOMAKE='${SHELL} /home/jo/app/netcdf-cxx-4.2/missing --run automake-1.11'
AWK='gawk'
CC='gcc'
CCDEPMODE='depmode=gcc3'
CFLAGS='-g -O2'
CPP='gcc -E'
CPPFLAGS='-I/include'
CXX='g++'
CXXCPP='g++ -E'
CXXDEPMODE='depmode=gcc3'
CXXFLAGS='-g -O2'
CYGPATH_W='echo'
DEFS='-DHAVE_CONFIG_H'
DEPDIR='.deps'
DSYMUTIL=''
DUMPBIN=''
ECHO_C=''
ECHO_N='-n'
ECHO_T=''
EGREP='/usr/bin/grep -E'
EXEEXT=''
EXTRA_TESTS_FALSE=''
EXTRA_TESTS_TRUE='#'
FGREP='/usr/bin/grep -F'
GREP='/usr/bin/grep'
INSTALL_DATA='${INSTALL} -m 644'
INSTALL_PROGRAM='${INSTALL}'
INSTALL_SCRIPT='${INSTALL}'
INSTALL_STRIP_PROGRAM='$(install_sh) -c -s'
LARGE_FILE_TESTS_FALSE=''
LARGE_FILE_TESTS_TRUE='#'
LD='/usr/bin/ld -m elf_x86_64'
LDFLAGS='-L/lib'
LIBOBJS=''
LIBS='-lnetcdf '
LIBTOOL='$(SHELL) $(top_builddir)/libtool'
LIPO=''
LN_S='ln -s'
LTLIBOBJS=''
MAKEINFO='${SHELL} /home/jo/app/netcdf-cxx-4.2/missing --run makeinfo'
MKDIR_P='/usr/bin/mkdir -p'
NM='/usr/bin/nm -B'
NMEDIT=''
OBJDUMP='objdump'
OBJEXT='o'
OTOOL64=''
OTOOL=''
PACKAGE='netcdf-cxx'
PACKAGE_BUGREPORT='support-netcdf@unidata.ucar.edu'
PACKAGE_NAME='netCDF-cxx'
PACKAGE_STRING='netCDF-cxx 4.2'
PACKAGE_TARNAME='netcdf-cxx'
PACKAGE_URL=''
PACKAGE_VERSION='4.2'
PATH_SEPARATOR=':'
RANLIB='ranlib'
SED='/usr/bin/sed'
SET_MAKE=''
SHELL='/bin/bash'
STRIP='strip'
USE_NETCDF4_FALSE=''
USE_NETCDF4_TRUE='#'
USE_VALGRIND_TESTS_FALSE=''
USE_VALGRIND_TESTS_TRUE='#'
VERSION='4.2'
ac_ct_CC='gcc'
ac_ct_CXX='g++'
ac_ct_DUMPBIN=''
am__EXEEXT_FALSE=''
am__EXEEXT_TRUE='#'
am__fastdepCC_FALSE='#'
am__fastdepCC_TRUE=''
am__fastdepCXX_FALSE='#'
am__fastdepCXX_TRUE=''
am__include='include'
am__isrc=''
am__leading_dot='.'
am__quote=''
am__tar='${AMTAR} chof - "$$tardir"'
am__untar='${AMTAR} xf -'
bindir='${exec_prefix}/bin'
build='x86_64-unknown-linux-gnu'
build_alias=''
build_cpu='x86_64'
build_os='linux-gnu'
build_vendor='unknown'
datadir='${datarootdir}'
datarootdir='${prefix}/share'
docdir='${datarootdir}/doc/${PACKAGE_TARNAME}'
dvidir='${docdir}'
exec_prefix='${prefix}'
host='x86_64-unknown-linux-gnu'
host_alias=''
host_cpu='x86_64'
host_os='linux-gnu'
host_vendor='unknown'
htmldir='${docdir}'
includedir='${prefix}/include'
infodir='${datarootdir}/info'
install_sh='${SHELL} /home/jo/app/netcdf-cxx-4.2/install-sh'
libdir='${exec_prefix}/lib'
libexecdir='${exec_prefix}/libexec'
localedir='${datarootdir}/locale'
localstatedir='${prefix}/var'
mandir='${datarootdir}/man'
mkdir_p='/usr/bin/mkdir -p'
oldincludedir='/usr/include'
pdfdir='${docdir}'
prefix='/home/jo/netcdf-cxx'
program_transform_name='s,x,x,'
psdir='${docdir}'
sbindir='${exec_prefix}/sbin'
sharedstatedir='${prefix}/com'
sysconfdir='${prefix}/etc'
target='x86_64-unknown-linux-gnu'
target_alias=''
target_cpu='x86_64'
target_os='linux-gnu'
target_vendor='unknown'

## ----------- ##
## confdefs.h. ##
## ----------- ##

/* confdefs.h */
#define PACKAGE_NAME "netCDF-cxx"
#define PACKAGE_TARNAME "netcdf-cxx"
#define PACKAGE_VERSION "4.2"
#define PACKAGE_STRING "netCDF-cxx 4.2"
#define PACKAGE_BUGREPORT "support-netcdf@unidata.ucar.edu"
#define PACKAGE_URL ""
#define PACKAGE "netcdf-cxx"
#define VERSION "4.2"
#define TEMP_LARGE "."
#define STDC_HEADERS 1
#define HAVE_SYS_TYPES_H 1
#define HAVE_SYS_STAT_H 1
#define HAVE_STDLIB_H 1
#define HAVE_STRING_H 1
#define HAVE_MEMORY_H 1
#define HAVE_STRINGS_H 1
#define HAVE_INTTYPES_H 1
#define HAVE_STDINT_H 1
#define HAVE_UNISTD_H 1
#define HAVE_DLFCN_H 1
#define LT_OBJDIR ".libs/"
#define HAVE_NETCDF_H 1
#define HAVE_NC_DEF_OPAQUE 1
#define HAVE_NCCREATE 1
#define HAVE_NC_SET_LOG_LEVEL 1

configure: exit 0
